<?xml version="1.0" encoding="UTF-8"?>
<!-- Generated by org.testng.reporters.JUnitReportReporter -->
<testsuite skipped="0" hostname="LAPTOP-6QHL3RD4" name="com.class04.DependencyTask" tests="4" failures="0" timestamp="07 Jun 2019 15:32:14 GMT" time="4.099" errors="0">
  <testcase name="login" time="0.655" classname="com.class04.DependencyTask"/>
  <testcase name="validateUsers" time="0.155" classname="com.class04.DependencyTask"/>
  <testcase name="addUser1" time="1.701" classname="com.class04.DependencyTask"/>
  <testcase name="addUser2" time="1.588" classname="com.class04.DependencyTask"/>
</testsuite> <!-- com.class04.DependencyTask -->
