<?xml version="1.0" encoding="UTF-8"?>
<!-- Generated by org.testng.reporters.JUnitReportReporter -->
<testsuite skipped="0" hostname="LAPTOP-6QHL3RD4" name="com.class01.BeforeAndAfterMethod" tests="2" failures="0" timestamp="06 Jun 2019 04:20:57 GMT" time="0.012" errors="0">
  <testcase name="testMethodTwo" time="0.003" classname="com.class01.BeforeAndAfterMethod"/>
  <testcase name="testMethodOne" time="0.009" classname="com.class01.BeforeAndAfterMethod"/>
</testsuite> <!-- com.class01.BeforeAndAfterMethod -->
