<?xml version="1.0" encoding="UTF-8"?>
<!-- Generated by org.testng.reporters.JUnitReportReporter -->
<testsuite skipped="2" hostname="LAPTOP-6QHL3RD4" name="com.class02.EnableAndDisable" tests="4" failures="0" timestamp="06 Jun 2019 04:20:57 GMT" time="0.002" errors="0">
  <testcase name="second" time="0.001" classname="com.class02.EnableAndDisable"/>
  <testcase name="fourth" time="0.001" classname="com.class02.EnableAndDisable"/>
  <testcase name="third" classname="com.class02.EnableAndDisable">
    <skipped/>
  </testcase> <!-- third -->
  <testcase name="first" classname="com.class02.EnableAndDisable">
    <skipped/>
  </testcase> <!-- first -->
</testsuite> <!-- com.class02.EnableAndDisable -->
