<?xml version="1.0" encoding="UTF-8"?>
<!-- Generated by org.testng.reporters.JUnitReportReporter -->
<testsuite skipped="0" hostname="LAPTOP-6QHL3RD4" name="com.class04.NewTourExample" tests="1" failures="0" timestamp="07 Jun 2019 01:14:43 GMT" time="9.630" errors="0">
  <testcase name="userInformation" time="9.630" classname="com.class04.NewTourExample"/>
</testsuite> <!-- com.class04.NewTourExample -->
