<?xml version="1.0" encoding="UTF-8"?>
<!-- Generated by org.testng.reporters.JUnitReportReporter -->
<testsuite skipped="0" hostname="LAPTOP-6QHL3RD4" name="com.class03.NewToursExample" tests="3" failures="0" timestamp="07 Jun 2019 01:13:20 GMT" time="28.879" errors="0">
  <testcase name="contactInformation" time="8.706" classname="com.class03.NewToursExample"/>
  <testcase name="mailingInformation" time="10.523" classname="com.class03.NewToursExample"/>
  <testcase name="auserInformation" time="9.650" classname="com.class03.NewToursExample"/>
</testsuite> <!-- com.class03.NewToursExample -->
