<?xml version="1.0" encoding="UTF-8"?>
<!-- Generated by org.testng.reporters.JUnitReportReporter -->
<testsuite skipped="0" hostname="LAPTOP-6QHL3RD4" name="com.class01.TestNG" tests="3" failures="0" timestamp="29 May 2019 01:16:51 GMT" time="0.008" errors="0">
  <testcase name="sayHello" time="0.001" classname="com.class01.TestNG"/>
  <testcase name="a" time="0.007" classname="com.class01.TestNG"/>
  <testcase name="b" time="0.000" classname="com.class01.TestNG"/>
</testsuite> <!-- com.class01.TestNG -->
