<?xml version="1.0" encoding="UTF-8"?>
<!-- Generated by org.testng.reporters.JUnitReportReporter -->
<testsuite skipped="0" hostname="LAPTOP-6QHL3RD4" name="com.class02.OrangeHRMLoginTest" tests="1" failures="0" timestamp="31 May 2019 16:50:30 GMT" time="3.433" errors="0">
  <testcase name="addEmployee" time="3.433" classname="com.class02.OrangeHRMLoginTest"/>
</testsuite> <!-- com.class02.OrangeHRMLoginTest -->
