<?xml version="1.0" encoding="UTF-8"?>
<!-- Generated by org.testng.reporters.JUnitReportReporter -->
<testsuite skipped="0" hostname="LAPTOP-6QHL3RD4" name="com.class01.SauceDemoBeforeAfterTask" tests="1" failures="0" timestamp="29 May 2019 02:49:53 GMT" time="10.453" errors="0">
  <testcase name="login" time="10.453" classname="com.class01.SauceDemoBeforeAfterTask"/>
</testsuite> <!-- com.class01.SauceDemoBeforeAfterTask -->
