<?xml version="1.0" encoding="UTF-8"?>
<!-- Generated by org.testng.reporters.JUnitReportReporter -->
<testsuite skipped="0" hostname="LAPTOP-6QHL3RD4" name="com.class04.TaskParameter" tests="2" failures="0" timestamp="07 Jun 2019 02:39:43 GMT" time="18.027" errors="0">
  <testcase name="userTwo" time="8.478" classname="com.class04.TaskParameter"/>
  <testcase name="userone" time="9.549" classname="com.class04.TaskParameter"/>
</testsuite> <!-- com.class04.TaskParameter -->
