<?xml version="1.0" encoding="UTF-8"?>
<!-- Generated by org.testng.reporters.JUnitReportReporter -->
<testsuite skipped="0" hostname="LAPTOP-6QHL3RD4" name="com.class05.SmartBearDataProviderParallel" tests="2" failures="0" timestamp="12 Jun 2019 22:52:31 GMT" time="4.271" errors="0">
  <testcase name="validateOrder" time="2.007" classname="com.class05.SmartBearDataProviderParallel"/>
  <testcase name="validateOrder" time="2.264" classname="com.class05.SmartBearDataProviderParallel"/>
</testsuite> <!-- com.class05.SmartBearDataProviderParallel -->
