<?xml version="1.0" encoding="UTF-8"?>
<!-- Generated by org.testng.reporters.JUnitReportReporter -->
<testsuite skipped="0" hostname="LAPTOP-6QHL3RD4" name="com.class03.MultiGroup" tests="1" failures="0" timestamp="06 Jun 2019 05:03:05 GMT" time="0.006" errors="0">
  <testcase name="testMethodOne" time="0.006" classname="com.class03.MultiGroup"/>
</testsuite> <!-- com.class03.MultiGroup -->
