<?xml version="1.0" encoding="UTF-8"?>
<!-- Generated by org.testng.reporters.JUnitReportReporter -->
<testsuite skipped="0" hostname="LAPTOP-6QHL3RD4" name="com.class01.Task2" tests="1" failures="0" timestamp="30 May 2019 03:02:03 GMT" time="0.005" errors="0">
  <testcase name="methodTest" time="0.005" classname="com.class01.Task2"/>
</testsuite> <!-- com.class01.Task2 -->
