<?xml version="1.0" encoding="UTF-8"?>
<!-- Generated by org.testng.reporters.JUnitReportReporter -->
<testsuite skipped="0" hostname="LAPTOP-6QHL3RD4" name="com.class02.SmartbearsoftwareExample" tests="3" failures="0" timestamp="31 May 2019 04:10:49 GMT" time="0.636" errors="0">
  <testcase name="loginScreenTitle" time="0.013" classname="com.class02.SmartbearsoftwareExample"/>
  <testcase name="login" time="0.594" classname="com.class02.SmartbearsoftwareExample"/>
  <testcase name="webOrders" time="0.029" classname="com.class02.SmartbearsoftwareExample"/>
</testsuite> <!-- com.class02.SmartbearsoftwareExample -->
