<?xml version="1.0" encoding="UTF-8"?>
<!-- Generated by org.testng.reporters.JUnitReportReporter -->
<testsuite skipped="0" hostname="LAPTOP-6QHL3RD4" name="com.class03.BasicXMLPartTwo" tests="6" failures="0" timestamp="06 Jun 2019 14:28:03 GMT" time="0.005" errors="0">
  <testcase name="testThirdFromBasicTwo" time="0.001" classname="com.class03.BasicXMLPartTwo"/>
  <testcase name="testOneFromBasicTwo" time="0.000" classname="com.class03.BasicXMLPartTwo"/>
  <testcase name="testOneFromBasicTwo" time="0.001" classname="com.class03.BasicXMLPartTwo"/>
  <testcase name="testSecondFromBasicTwo" time="0.001" classname="com.class03.BasicXMLPartTwo"/>
  <testcase name="testSecondFromBasicTwo" time="0.001" classname="com.class03.BasicXMLPartTwo"/>
  <testcase name="testThirdFromBasicTwo" time="0.001" classname="com.class03.BasicXMLPartTwo"/>
</testsuite> <!-- com.class03.BasicXMLPartTwo -->
