<?xml version="1.0" encoding="UTF-8"?>
<!-- Generated by org.testng.reporters.JUnitReportReporter -->
<testsuite skipped="0" hostname="LAPTOP-6QHL3RD4" name="com.class05.CrossBrowserDemo" tests="1" failures="0" timestamp="12 Jun 2019 22:52:31 GMT" time="10.590" errors="0">
  <testcase name="testCrossBrowser" time="10.590" classname="com.class05.CrossBrowserDemo"/>
</testsuite> <!-- com.class05.CrossBrowserDemo -->
