<?xml version="1.0" encoding="UTF-8"?>
<!-- Generated by org.testng.reporters.JUnitReportReporter -->
<testsuite skipped="0" hostname="LAPTOP-6QHL3RD4" name="com.class05.SmartBearDataProviderTask" tests="2" failures="0" timestamp="12 Jun 2019 14:52:16 GMT" time="4.330" errors="0">
  <testcase name="validateOrder" time="2.218" classname="com.class05.SmartBearDataProviderTask"/>
  <testcase name="validateOrder" time="2.112" classname="com.class05.SmartBearDataProviderTask"/>
</testsuite> <!-- com.class05.SmartBearDataProviderTask -->
