<?xml version="1.0" encoding="UTF-8"?>
<!-- Generated by org.testng.reporters.JUnitReportReporter -->
<testsuite skipped="0" hostname="LAPTOP-6QHL3RD4" name="com.class04.DataProvideTest" tests="3" failures="0" timestamp="07 Jun 2019 03:03:06 GMT" time="0.000" errors="0">
  <testcase name="getData" time="0.000" classname="com.class04.DataProvideTest"/>
  <testcase name="getData" time="0.000" classname="com.class04.DataProvideTest"/>
  <testcase name="getData" time="0.000" classname="com.class04.DataProvideTest"/>
</testsuite> <!-- com.class04.DataProvideTest -->
