<?xml version="1.0" encoding="UTF-8"?>
<!-- Generated by org.testng.reporters.JUnitReportReporter -->
<testsuite skipped="0" hostname="LAPTOP-6QHL3RD4" name="com.class03.TestGroup" tests="3" failures="0" timestamp="06 Jun 2019 04:26:03 GMT" time="0.010" errors="0">
  <testcase name="testMethodTwo" time="0.001" classname="com.class03.TestGroup"/>
  <testcase name="testMethodOne" time="0.008" classname="com.class03.TestGroup"/>
  <testcase name="testMethodThree" time="0.001" classname="com.class03.TestGroup"/>
</testsuite> <!-- com.class03.TestGroup -->
