<?xml version="1.0" encoding="UTF-8"?>
<!-- Generated by org.testng.reporters.JUnitReportReporter -->
<testsuite skipped="0" hostname="LAPTOP-6QHL3RD4" name="com.class03.TaskOne" tests="1" failures="0" timestamp="07 Jun 2019 00:00:20 GMT" time="9.719" errors="0">
  <testcase name="userOne" time="9.719" classname="com.class03.TaskOne"/>
</testsuite> <!-- com.class03.TaskOne -->
