<?xml version="1.0" encoding="UTF-8"?>
<!-- Generated by org.testng.reporters.JUnitReportReporter -->
<testsuite skipped="0" hostname="LAPTOP-6QHL3RD4" name="com.class02.PriorityExampleTwo" tests="2" failures="0" timestamp="31 May 2019 03:59:41 GMT" time="1.673" errors="0">
  <testcase name="login" time="1.639" classname="com.class02.PriorityExampleTwo"/>
  <testcase name="mainPage" time="0.034" classname="com.class02.PriorityExampleTwo"/>
</testsuite> <!-- com.class02.PriorityExampleTwo -->
