<?xml version="1.0" encoding="UTF-8"?>
<!-- Generated by org.testng.reporters.JUnitReportReporter -->
<testsuite skipped="0" hostname="LAPTOP-6QHL3RD4" name="com.class03.MethodsExample" tests="3" failures="0" timestamp="06 Jun 2019 20:20:19 GMT" time="0.016" errors="0">
  <testcase name="Three" time="0.000" classname="com.class03.MethodsExample"/>
  <testcase name="Two" time="0.000" classname="com.class03.MethodsExample"/>
  <testcase name="One" time="0.016" classname="com.class03.MethodsExample"/>
</testsuite> <!-- com.class03.MethodsExample -->
