<?xml version="1.0" encoding="UTF-8"?>
<!-- Generated by org.testng.reporters.JUnitReportReporter -->
<testsuite skipped="0" hostname="LAPTOP-6QHL3RD4" name="com.class04.ParameterExample2" tests="1" failures="0" timestamp="07 Jun 2019 00:56:38 GMT" time="33.906" errors="0">
  <testcase name="testGoogle" time="33.906" classname="com.class04.ParameterExample2"/>
</testsuite> <!-- com.class04.ParameterExample2 -->
