<?xml version="1.0" encoding="UTF-8"?>
<!-- Generated by org.testng.reporters.JUnitReportReporter -->
<testsuite skipped="0" hostname="LAPTOP-6QHL3RD4" name="com.class04.ParameterExample" tests="1" failures="0" timestamp="07 Jun 2019 00:45:05 GMT" time="0.008" errors="0">
  <testcase name="userNames" time="0.008" classname="com.class04.ParameterExample"/>
</testsuite> <!-- com.class04.ParameterExample -->
