<?xml version="1.0" encoding="UTF-8"?>
<!-- Generated by org.testng.reporters.JUnitReportReporter -->
<testsuite skipped="0" hostname="LAPTOP-6QHL3RD4" name="com.class03.DependsOnGroups" tests="3" failures="0" timestamp="06 Jun 2019 20:21:27 GMT" time="0.000" errors="0">
  <testcase name="zone" time="0.000" classname="com.class03.DependsOnGroups"/>
  <testcase name="athree" time="0.000" classname="com.class03.DependsOnGroups"/>
  <testcase name="rtwo" time="0.000" classname="com.class03.DependsOnGroups"/>
</testsuite> <!-- com.class03.DependsOnGroups -->
