<?xml version="1.0" encoding="UTF-8"?>
<!-- Generated by org.testng.reporters.JUnitReportReporter -->
<testsuite skipped="0" hostname="LAPTOP-6QHL3RD4" name="com.class04.ToolsQAExample" tests="4" failures="0" timestamp="07 Jun 2019 03:20:26 GMT" time="125.840" errors="0">
  <testcase name="getData" time="19.373" classname="com.class04.ToolsQAExample"/>
  <testcase name="getData" time="11.651" classname="com.class04.ToolsQAExample"/>
  <testcase name="getData" time="52.814" classname="com.class04.ToolsQAExample"/>
  <testcase name="getData" time="42.002" classname="com.class04.ToolsQAExample"/>
</testsuite> <!-- com.class04.ToolsQAExample -->
