<?xml version="1.0" encoding="UTF-8"?>
<!-- Generated by org.testng.reporters.JUnitReportReporter -->
<testsuite skipped="0" hostname="LAPTOP-6QHL3RD4" name="com.class05.SmartBearDataProviderParallel" tests="2" failures="0" timestamp="12 Jun 2019 15:27:23 GMT" time="2.225" errors="0">
  <testcase name="validateOrder" time="1.237" classname="com.class05.SmartBearDataProviderParallel"/>
  <testcase name="validateOrder" time="0.988" classname="com.class05.SmartBearDataProviderParallel"/>
</testsuite> <!-- com.class05.SmartBearDataProviderParallel -->
