<?xml version="1.0" encoding="UTF-8"?>
<!-- Generated by org.testng.reporters.JUnitReportReporter -->
<testsuite skipped="0" hostname="LAPTOP-6QHL3RD4" name="com.class05.CrossBrowserDemo" tests="1" failures="0" timestamp="12 Jun 2019 15:27:23 GMT" time="11.312" errors="0">
  <testcase name="testCrossBrowser" time="11.312" classname="com.class05.CrossBrowserDemo"/>
</testsuite> <!-- com.class05.CrossBrowserDemo -->
