<?xml version="1.0" encoding="UTF-8"?>
<!-- Generated by org.testng.reporters.JUnitReportReporter -->
<testsuite skipped="0" hostname="LAPTOP-6QHL3RD4" name="com.class01.Task1" tests="3" failures="0" timestamp="30 May 2019 03:01:53 GMT" time="0.009" errors="0">
  <testcase name="method3" time="0.001" classname="com.class01.Task1"/>
  <testcase name="method1" time="0.007" classname="com.class01.Task1"/>
  <testcase name="method2" time="0.001" classname="com.class01.Task1"/>
</testsuite> <!-- com.class01.Task1 -->
