<?xml version="1.0" encoding="UTF-8"?>
<!-- Generated by org.testng.reporters.JUnitReportReporter -->
<testsuite skipped="1" hostname="LAPTOP-6QHL3RD4" name="com.class01.OrangeHRMExample" tests="3" failures="0" timestamp="31 May 2019 05:34:19 GMT" time="30.679" errors="0">
  <testcase name="login" time="21.118" classname="com.class01.OrangeHRMExample"/>
  <testcase name="dashboardDisplayed" time="9.561" classname="com.class01.OrangeHRMExample"/>
  <testcase name="titleVerification" classname="com.class01.OrangeHRMExample">
    <skipped/>
  </testcase> <!-- titleVerification -->
</testsuite> <!-- com.class01.OrangeHRMExample -->
