<?xml version="1.0" encoding="UTF-8"?>
<!-- Generated by org.testng.reporters.JUnitReportReporter -->
<testsuite skipped="0" hostname="LAPTOP-6QHL3RD4" name="com.class02.Priority" tests="4" failures="0" timestamp="31 May 2019 03:35:26 GMT" time="0.010" errors="0">
  <testcase name="third" time="0.001" classname="com.class02.Priority"/>
  <testcase name="first" time="0.008" classname="com.class02.Priority"/>
  <testcase name="second" time="0.000" classname="com.class02.Priority"/>
  <testcase name="fourth" time="0.001" classname="com.class02.Priority"/>
</testsuite> <!-- com.class02.Priority -->
